<?xml version="1.0" encoding="UTF-8"?>
<testsuite name="CommonPublishersTask6Tests" tests="2" skipped="0" failures="0" errors="0" timestamp="2022-11-24T10:42:29" hostname="WIN-6QL49633JP9" time="0.175">
  <properties/>
  <testcase name="testValid()" classname="CommonPublishersTask6Tests" time="0.172"/>
  <testcase name="testInvalid()" classname="CommonPublishersTask6Tests" time="0.002"/>
  <system-out><![CDATA[12:42:29.562 [Test worker] DEBUG reactor.util.Loggers - Using Slf4j logging framework
]]></system-out>
  <system-err><![CDATA[]]></system-err>
</testsuite>
