<?xml version="1.0" encoding="UTF-8"?>
<testsuite name="ResilienceTask5Tests" tests="1" skipped="0" failures="0" errors="0" timestamp="2022-12-26T08:57:52" hostname="WIN-6QL49633JP9" time="1.418">
  <properties/>
  <testcase name="testSolution()" classname="ResilienceTask5Tests" time="1.418"/>
  <system-out><![CDATA[10:57:52.485 [Test worker] DEBUG reactor.util.Loggers - Using Slf4j logging framework
]]></system-out>
  <system-err><![CDATA[]]></system-err>
</testsuite>
