<?xml version="1.0" encoding="UTF-8"?>
<testsuite name="CommonOperatorsTask2Tests" tests="1" skipped="0" failures="0" errors="0" timestamp="2022-11-15T16:49:45" hostname="WIN-6QL49633JP9" time="0.146">
  <properties/>
  <testcase name="testSolution()" classname="CommonOperatorsTask2Tests" time="0.146"/>
  <system-out><![CDATA[18:49:45.784 [Test worker] DEBUG reactor.util.Loggers - Using Slf4j logging framework
]]></system-out>
  <system-err><![CDATA[]]></system-err>
</testsuite>
