<?xml version="1.0" encoding="UTF-8"?>
<testsuite name="BackpressureTask4Tests" tests="1" skipped="0" failures="0" errors="0" timestamp="2022-12-05T10:16:54" hostname="WIN-6QL49633JP9" time="0.184">
  <properties/>
  <testcase name="testSolution()" classname="BackpressureTask4Tests" time="0.184"/>
  <system-out><![CDATA[12:16:54.750 [Test worker] DEBUG reactor.util.Loggers - Using Slf4j logging framework
12:16:54.875 [Test worker] DEBUG reactor.core.publisher.Operators - onNextDropped: TestStatistic{query='test0'}
12:16:54.875 [Test worker] DEBUG reactor.core.publisher.Operators - onNextDropped: TestStatistic{query='test4'}
]]></system-out>
  <system-err><![CDATA[]]></system-err>
</testsuite>
