<?xml version="1.0" encoding="UTF-8"?>
<testsuite name="MultithreadingOperatorsTask2Tests" tests="1" skipped="0" failures="0" errors="0" timestamp="2022-11-29T16:30:24" hostname="WIN-6QL49633JP9" time="0.277">
  <properties/>
  <testcase name="testSolution()" classname="MultithreadingOperatorsTask2Tests" time="0.277"/>
  <system-out><![CDATA[18:30:24.440 [Test worker] DEBUG reactor.util.Loggers - Using Slf4j logging framework
Threads:boundedElastic-1
]]></system-out>
  <system-err><![CDATA[]]></system-err>
</testsuite>
