<?xml version="1.0" encoding="UTF-8"?>
<testsuite name="ResilienceTask4Tests" tests="1" skipped="0" failures="0" errors="0" timestamp="2022-12-17T19:31:04" hostname="WIN-6QL49633JP9" time="0.157">
  <properties/>
  <testcase name="testSolution()" classname="ResilienceTask4Tests" time="0.157"/>
  <system-out><![CDATA[21:31:04.453 [Test worker] DEBUG reactor.util.Loggers - Using Slf4j logging framework
]]></system-out>
  <system-err><![CDATA[]]></system-err>
</testsuite>
