<?xml version="1.0" encoding="UTF-8"?>
<testsuite name="ContextTask1Tests" tests="1" skipped="0" failures="0" errors="0" timestamp="2022-12-17T19:22:38" hostname="WIN-6QL49633JP9" time="0.108">
  <properties/>
  <testcase name="testSolution()" classname="ContextTask1Tests" time="0.108"/>
  <system-out><![CDATA[21:22:38.587 [Test worker] DEBUG reactor.util.Loggers - Using Slf4j logging framework
]]></system-out>
  <system-err><![CDATA[]]></system-err>
</testsuite>
