<?xml version="1.0" encoding="UTF-8"?>
<testsuite name="TestingTask1Tests" tests="1" skipped="0" failures="0" errors="0" timestamp="2022-11-24T10:45:52" hostname="WIN-6QL49633JP9" time="0.363">
  <properties/>
  <testcase name="testSolution()" classname="TestingTask1Tests" time="0.363"/>
  <system-out><![CDATA[12:45:52.365 [Test worker] DEBUG reactor.util.Loggers - Using Slf4j logging framework
]]></system-out>
  <system-err><![CDATA[]]></system-err>
</testsuite>
