<?xml version="1.0" encoding="UTF-8"?>
<testsuite name="ResilienceTask3Tests" tests="1" skipped="0" failures="0" errors="0" timestamp="2022-12-17T19:30:33" hostname="WIN-6QL49633JP9" time="0.893">
  <properties/>
  <testcase name="testSolution()" classname="ResilienceTask3Tests" time="0.893"/>
  <system-out><![CDATA[21:30:33.702 [Test worker] DEBUG reactor.util.Loggers - Using Slf4j logging framework
]]></system-out>
  <system-err><![CDATA[]]></system-err>
</testsuite>
