<?xml version="1.0" encoding="UTF-8"?>
<testsuite name="service.impl.TradeServiceTests" tests="1" skipped="0" failures="0" errors="0" timestamp="2023-01-04T09:54:03" hostname="WIN-6QL49633JP9" time="1.348">
  <properties/>
  <testcase name="tradeServiceTest()" classname="service.impl.TradeServiceTests" time="1.348"/>
  <system-out><![CDATA[11:54:03.916 [Test worker] DEBUG reactor.util.Loggers - Using Slf4j logging framework
]]></system-out>
  <system-err><![CDATA[]]></system-err>
</testsuite>
