<?xml version="1.0" encoding="UTF-8"?>
<testsuite name="MultipleSourcesTask9Tests" tests="1" skipped="0" failures="0" errors="0" timestamp="2022-11-30T10:26:42" hostname="WIN-6QL49633JP9" time="0.161">
  <properties/>
  <testcase name="testSolution()" classname="MultipleSourcesTask9Tests" time="0.161"/>
  <system-out><![CDATA[12:26:42.734 [Test worker] DEBUG reactor.util.Loggers - Using Slf4j logging framework
]]></system-out>
  <system-err><![CDATA[]]></system-err>
</testsuite>
