<?xml version="1.0" encoding="UTF-8"?>
<testsuite name="ResilienceTask6Tests" tests="1" skipped="0" failures="0" errors="0" timestamp="2022-12-26T08:58:08" hostname="WIN-6QL49633JP9" time="0.336">
  <properties/>
  <testcase name="testSolution()" classname="ResilienceTask6Tests" time="0.336"/>
  <system-out><![CDATA[10:58:08.763 [Test worker] DEBUG reactor.util.Loggers - Using Slf4j logging framework
]]></system-out>
  <system-err><![CDATA[Thrown an error [java.lang.ArithmeticException: / by zero] on the following element [0]
]]></system-err>
</testsuite>
