<?xml version="1.0" encoding="UTF-8"?>
<testsuite name="TestingTask2Tests" tests="1" skipped="0" failures="0" errors="0" timestamp="2022-11-24T10:59:28" hostname="WIN-6QL49633JP9" time="0.216">
  <properties/>
  <testcase name="testSolution()" classname="TestingTask2Tests" time="0.216"/>
  <system-out><![CDATA[]]></system-out>
  <system-err><![CDATA[]]></system-err>
</testsuite>
