<?xml version="1.0" encoding="UTF-8"?>
<testsuite name="ResilienceTask9Tests" tests="2" skipped="0" failures="0" errors="0" timestamp="2022-12-26T09:00:35" hostname="WIN-6QL49633JP9" time="0.398">
  <properties/>
  <testcase name="testSolution()" classname="ResilienceTask9Tests" time="0.392"/>
  <testcase name="testSolution1()" classname="ResilienceTask9Tests" time="0.005"/>
  <system-out><![CDATA[11:00:35.847 [Test worker] DEBUG reactor.util.Loggers - Using Slf4j logging framework
]]></system-out>
  <system-err><![CDATA[]]></system-err>
</testsuite>
