<?xml version="1.0" encoding="UTF-8"?>
<testsuite name="ResilienceTask7Tests" tests="1" skipped="0" failures="0" errors="0" timestamp="2022-12-26T08:59:18" hostname="WIN-6QL49633JP9" time="0.328">
  <properties/>
  <testcase name="testSolution()" classname="ResilienceTask7Tests" time="0.328"/>
  <system-out><![CDATA[10:59:18.445 [Test worker] DEBUG reactor.util.Loggers - Using Slf4j logging framework
]]></system-out>
  <system-err><![CDATA[]]></system-err>
</testsuite>
