<?xml version="1.0" encoding="UTF-8"?>
<testsuite name="CPTask3Tests" tests="1" skipped="0" failures="0" errors="0" timestamp="2022-12-26T09:25:45" hostname="WIN-6QL49633JP9" time="8.016">
  <properties/>
  <testcase name="findVideoTest()" classname="CPTask3Tests" time="8.016"/>
  <system-out><![CDATA[11:25:45.279 [Test worker] DEBUG reactor.util.Loggers - Using Slf4j logging framework
]]></system-out>
  <system-err><![CDATA[]]></system-err>
</testsuite>
