<?xml version="1.0" encoding="UTF-8"?>
<testsuite name="service.external.CryptoServiceTests" tests="3" skipped="0" failures="0" errors="0" timestamp="2022-12-26T09:46:10" hostname="WIN-6QL49633JP9" time="0.493">
  <properties/>
  <testcase name="verifyThatSupportReplayMode()" classname="service.external.CryptoServiceTests" time="0.279"/>
  <testcase name="verifyThatSupportMultiSubscribers()" classname="service.external.CryptoServiceTests" time="0.074"/>
  <testcase name="verifyThatSupportIsolationAndResilience()" classname="service.external.CryptoServiceTests" time="0.138"/>
  <system-out><![CDATA[11:46:10.613 [Test worker] DEBUG reactor.util.Loggers - Using Slf4j logging framework
]]></system-out>
  <system-err><![CDATA[]]></system-err>
</testsuite>
