<?xml version="1.0" encoding="UTF-8"?>
<testsuite name="MultipleSourcesTask2Tests" tests="1" skipped="0" failures="0" errors="0" timestamp="2022-11-24T11:08:36" hostname="WIN-6QL49633JP9" time="0.348">
  <properties/>
  <testcase name="testSolution()" classname="MultipleSourcesTask2Tests" time="0.348"/>
  <system-out><![CDATA[13:08:36.800 [Test worker] DEBUG reactor.util.Loggers - Using Slf4j logging framework
]]></system-out>
  <system-err><![CDATA[]]></system-err>
</testsuite>
