<?xml version="1.0" encoding="UTF-8"?>
<testsuite name="CommonOperatorsTask4Tests" tests="1" skipped="0" failures="0" errors="0" timestamp="2022-11-15T17:08:22" hostname="WIN-6QL49633JP9" time="0.144">
  <properties/>
  <testcase name="testSolution()" classname="CommonOperatorsTask4Tests" time="0.144"/>
  <system-out><![CDATA[19:08:22.219 [Test worker] DEBUG reactor.util.Loggers - Using Slf4j logging framework
]]></system-out>
  <system-err><![CDATA[]]></system-err>
</testsuite>
