<?xml version="1.0" encoding="UTF-8"?>
<testsuite name="MultipleSourcesTask7Tests" tests="1" skipped="0" failures="0" errors="0" timestamp="2022-11-30T10:36:59" hostname="WIN-6QL49633JP9" time="0.151">
  <properties/>
  <testcase name="testSolution()" classname="MultipleSourcesTask7Tests" time="0.151"/>
  <system-out><![CDATA[12:36:59.090 [Test worker] DEBUG reactor.util.Loggers - Using Slf4j logging framework
]]></system-out>
  <system-err><![CDATA[]]></system-err>
</testsuite>
