<?xml version="1.0" encoding="UTF-8"?>
<testsuite name="BackpressureTask2Tests" tests="1" skipped="0" failures="0" errors="0" timestamp="2022-12-05T10:09:33" hostname="WIN-6QL49633JP9" time="0.157">
  <properties/>
  <testcase name="testSolution()" classname="BackpressureTask2Tests" time="0.157"/>
  <system-out><![CDATA[12:09:33.589 [Test worker] DEBUG reactor.util.Loggers - Using Slf4j logging framework
]]></system-out>
  <system-err><![CDATA[]]></system-err>
</testsuite>
