<?xml version="1.0" encoding="UTF-8"?>
<testsuite name="MultipleSourcesTask3Tests" tests="1" skipped="0" failures="0" errors="0" timestamp="2022-11-24T11:09:17" hostname="WIN-6QL49633JP9" time="0.34">
  <properties/>
  <testcase name="testSolution()" classname="MultipleSourcesTask3Tests" time="0.34"/>
  <system-out><![CDATA[13:09:17.408 [Test worker] DEBUG reactor.util.Loggers - Using Slf4j logging framework
]]></system-out>
  <system-err><![CDATA[]]></system-err>
</testsuite>
