<?xml version="1.0" encoding="UTF-8"?>
<testsuite name="CommonOperatorsTask1Tests" tests="1" skipped="0" failures="0" errors="0" timestamp="2022-11-15T16:48:42" hostname="WIN-6QL49633JP9" time="0.222">
  <properties/>
  <testcase name="testResultIsCorrect()" classname="CommonOperatorsTask1Tests" time="0.222"/>
  <system-out><![CDATA[18:48:43.084 [Test worker] DEBUG reactor.util.Loggers - Using Slf4j logging framework
]]></system-out>
  <system-err><![CDATA[]]></system-err>
</testsuite>
