<?xml version="1.0" encoding="UTF-8"?>
<testsuite name="TestingTask3Tests" tests="1" skipped="0" failures="0" errors="0" timestamp="2022-12-17T19:28:12" hostname="WIN-6QL49633JP9" time="0.189">
  <properties/>
  <testcase name="testSolution()" classname="TestingTask3Tests" time="0.189"/>
  <system-out><![CDATA[21:28:13.090 [Test worker] DEBUG reactor.util.Loggers - Using Slf4j logging framework
]]></system-out>
  <system-err><![CDATA[]]></system-err>
</testsuite>
