<?xml version="1.0" encoding="UTF-8"?>
<testsuite name="CPTask4Tests" tests="1" skipped="0" failures="0" errors="0" timestamp="2023-01-03T15:49:55" hostname="WIN-6QL49633JP9" time="0.576">
  <properties/>
  <testcase name="uploadTest()" classname="CPTask4Tests" time="0.576"/>
  <system-out><![CDATA[17:49:55.900 [Test worker] DEBUG reactor.util.Loggers - Using Slf4j logging framework
]]></system-out>
  <system-err><![CDATA[]]></system-err>
</testsuite>
