<?xml version="1.0" encoding="UTF-8"?>
<testsuite name="MultithreadingOperatorsTask1Tests" tests="1" skipped="0" failures="0" errors="0" timestamp="2022-11-29T16:29:23" hostname="WIN-6QL49633JP9" time="0.232">
  <properties/>
  <testcase name="mergeSeveralSourcesTest()" classname="MultithreadingOperatorsTask1Tests" time="0.232"/>
  <system-out><![CDATA[18:29:23.882 [Test worker] DEBUG reactor.util.Loggers - Using Slf4j logging framework
]]></system-out>
  <system-err><![CDATA[]]></system-err>
</testsuite>
