<?xml version="1.0" encoding="UTF-8"?>
<testsuite name="HnSTask1Tests" tests="2" skipped="0" failures="0" errors="0" timestamp="2022-12-05T10:23:47" hostname="WIN-6QL49633JP9" time="0.198">
  <properties/>
  <testcase name="testSolution()" classname="HnSTask1Tests" time="0.19"/>
  <testcase name="testSolution2()" classname="HnSTask1Tests" time="0.008"/>
  <system-out><![CDATA[12:23:47.119 [Test worker] DEBUG reactor.util.Loggers - Using Slf4j logging framework
12:23:47.123 [Test worker] DEBUG reactor.core.publisher.Hooks - Hooking onEachOperator: HnSTask1Tests$$Lambda$313/0x0000000800c5d040@4bf2fd7b
12:23:47.212 [Test worker] DEBUG reactor.core.publisher.Hooks - Reset to factory defaults : onEachOperator
12:23:47.261 [Test worker] DEBUG reactor.core.publisher.Hooks - Hooking onEachOperator: HnSTask1Tests$$Lambda$357/0x0000000800cfac40@2898e051
12:23:47.267 [Test worker] DEBUG reactor.core.publisher.Hooks - Reset to factory defaults : onEachOperator
]]></system-out>
  <system-err><![CDATA[]]></system-err>
</testsuite>
