<?xml version="1.0" encoding="UTF-8"?>
<testsuite name="BackpressureTask5Tests" tests="1" skipped="0" failures="0" errors="0" timestamp="2022-12-05T10:21:33" hostname="WIN-6QL49633JP9" time="0.241">
  <properties/>
  <testcase name="testSolution()" classname="BackpressureTask5Tests" time="0.241"/>
  <system-out><![CDATA[12:21:33.782 [Test worker] DEBUG reactor.util.Loggers - Using Slf4j logging framework
]]></system-out>
  <system-err><![CDATA[]]></system-err>
</testsuite>
