<?xml version="1.0" encoding="UTF-8"?>
<testsuite name="MultipleSourcesTask8Tests" tests="1" skipped="0" failures="0" errors="0" timestamp="2022-11-29T16:49:47" hostname="WIN-6QL49633JP9" time="0.274">
  <properties/>
  <testcase name="testSolution()" classname="MultipleSourcesTask8Tests" time="0.274"/>
  <system-out><![CDATA[18:49:47.621 [Test worker] DEBUG reactor.util.Loggers - Using Slf4j logging framework
]]></system-out>
  <system-err><![CDATA[]]></system-err>
</testsuite>
