<?xml version="1.0" encoding="UTF-8"?>
<testsuite name="CPTask2Tests" tests="1" skipped="0" failures="0" errors="0" timestamp="2022-12-26T09:21:56" hostname="WIN-6QL49633JP9" time="2.536">
  <properties/>
  <testcase name="findVideoTest()" classname="CPTask2Tests" time="2.536"/>
  <system-out><![CDATA[11:21:57.206 [Test worker] DEBUG reactor.util.Loggers - Using Slf4j logging framework
]]></system-out>
  <system-err><![CDATA[]]></system-err>
</testsuite>
