<?xml version="1.0" encoding="UTF-8"?>
<testsuite name="MultithreadingOperatorsTask4Tests" tests="1" skipped="0" failures="0" errors="0" timestamp="2022-11-29T16:33:47" hostname="WIN-6QL49633JP9" time="1.121">
  <properties/>
  <testcase name="testSolution()" classname="MultithreadingOperatorsTask4Tests" time="1.121"/>
  <system-out><![CDATA[18:33:47.587 [Test worker] DEBUG reactor.util.Loggers - Using Slf4j logging framework
]]></system-out>
  <system-err><![CDATA[]]></system-err>
</testsuite>
