<?xml version="1.0" encoding="UTF-8"?>
<testsuite name="HnSTask3Tests" tests="1" skipped="0" failures="0" errors="0" timestamp="2022-12-05T10:25:57" hostname="WIN-6QL49633JP9" time="0.131">
  <properties/>
  <testcase name="testSolution()" classname="HnSTask3Tests" time="0.131"/>
  <system-out><![CDATA[12:25:57.360 [Test worker] DEBUG reactor.util.Loggers - Using Slf4j logging framework
]]></system-out>
  <system-err><![CDATA[]]></system-err>
</testsuite>
