<?xml version="1.0" encoding="UTF-8"?>
<testsuite name="MultipleSourcesTask5Tests" tests="1" skipped="0" failures="0" errors="0" timestamp="2022-12-17T19:10:31" hostname="WIN-6QL49633JP9" time="0.23">
  <properties/>
  <testcase name="testSolution()" classname="MultipleSourcesTask5Tests" time="0.23"/>
  <system-out><![CDATA[21:10:31.457 [Test worker] DEBUG reactor.util.Loggers - Using Slf4j logging framework
]]></system-out>
  <system-err><![CDATA[]]></system-err>
</testsuite>
