<?xml version="1.0" encoding="UTF-8"?>
<testsuite name="ResilienceTask2Tests" tests="3" skipped="0" failures="0" errors="0" timestamp="2022-12-17T19:29:42" hostname="WIN-6QL49633JP9" time="0.149">
  <properties/>
  <testcase name="testSolution()" classname="ResilienceTask2Tests" time="0.144"/>
  <testcase name="testSolution1()" classname="ResilienceTask2Tests" time="0.001"/>
  <testcase name="testSolution2()" classname="ResilienceTask2Tests" time="0.002"/>
  <system-out><![CDATA[21:29:42.489 [Test worker] DEBUG reactor.util.Loggers - Using Slf4j logging framework
]]></system-out>
  <system-err><![CDATA[]]></system-err>
</testsuite>
