<?xml version="1.0" encoding="UTF-8"?>
<testsuite name="CommonPublishersTask5Tests" tests="1" skipped="0" failures="0" errors="0" timestamp="2022-11-24T10:11:40" hostname="WIN-6QL49633JP9" time="0.105">
  <properties/>
  <testcase name="testSolution()" classname="CommonPublishersTask5Tests" time="0.105"/>
  <system-out><![CDATA[12:11:40.486 [Test worker] DEBUG reactor.util.Loggers - Using Slf4j logging framework
]]></system-out>
  <system-err><![CDATA[]]></system-err>
</testsuite>
