<?xml version="1.0" encoding="UTF-8"?>
<testsuite name="CommonPublishersTask2Tests" tests="1" skipped="0" failures="0" errors="0" timestamp="2022-11-24T10:04:01" hostname="WIN-6QL49633JP9" time="0.643">
  <properties/>
  <testcase name="testSolution()" classname="CommonPublishersTask2Tests" time="0.643"/>
  <system-out><![CDATA[12:04:01.815 [Test worker] DEBUG reactor.util.Loggers - Using Slf4j logging framework
]]></system-out>
  <system-err><![CDATA[]]></system-err>
</testsuite>
